<?xml version="1.0" encoding="UTF-8"?>
<!-- Generated by org.testng.reporters.JUnitReportReporter -->
<testsuite skipped="0" hostname="invanto" name="com.dbconnection" tests="1" failures="0" timestamp="27 Feb 2018 12:13:41 GMT" time="3.056" errors="0">
  <testcase name="dbcheck" time="3.056" classname="com.dbconnection"/>
</testsuite> <!-- com.dbconnection -->
