<?xml version="1.0" encoding="UTF-8"?>
<!-- Generated by org.testng.reporters.JUnitReportReporter -->
<testsuite skipped="0" hostname="invanto" name="com.MFPayment" tests="1" failures="0" timestamp="07 Mar 2018 13:43:57 GMT" time="48.943" errors="0">
  <testcase name="testrun1" time="48.943" classname="com.MFPayment"/>
</testsuite> <!-- com.MFPayment -->
