<?xml version="1.0" encoding="UTF-8"?>
<!-- Generated by org.testng.reporters.JUnitReportReporter -->
<testsuite skipped="0" hostname="invanto" name="com.MFPayment" tests="1" failures="0" timestamp="27 Feb 2018 12:06:54 GMT" time="37.001" errors="0">
  <testcase name="checkoutprocess" time="37.001" classname="com.MFPayment"/>
</testsuite> <!-- com.MFPayment -->
