<?xml version="1.0" encoding="UTF-8"?>
<!-- Generated by org.testng.reporters.JUnitReportReporter -->
<testsuite skipped="0" hostname="invanto" name="com.DBverify" tests="1" failures="0" timestamp="27 Feb 2018 12:19:17 GMT" time="0.011" errors="0">
  <testcase name="verifydbrecords" time="0.011" classname="com.DBverify"/>
</testsuite> <!-- com.DBverify -->
