<?xml version="1.0" encoding="UTF-8"?>
<!-- Generated by org.testng.reporters.JUnitReportReporter -->
<testsuite skipped="0" hostname="invanto" name="com.Jenkinstestscript" tests="2" failures="0" timestamp="23 Feb 2018 10:10:17 GMT" time="22.123" errors="0">
  <testcase name="signupinvanto" time="9.772" classname="com.Jenkinstestscript"/>
  <testcase name="logininvanto" time="12.351" classname="com.Jenkinstestscript"/>
</testsuite> <!-- com.Jenkinstestscript -->
