<?xml version="1.0" encoding="UTF-8"?>
<!-- Generated by org.testng.reporters.JUnitReportReporter -->
<testsuite skipped="0" hostname="invanto" name="com.Jenkinstestscript" tests="1" failures="0" timestamp="22 Feb 2018 10:03:07 GMT" time="27.879" errors="0">
  <testcase name="f" time="27.879" classname="com.Jenkinstestscript"/>
</testsuite> <!-- com.Jenkinstestscript -->
