<?xml version="1.0" encoding="UTF-8"?>
<!-- Generated by org.testng.reporters.JUnitReportReporter -->
<testsuite skipped="0" hostname="invanto" name="com.MFPayment" tests="1" failures="0" timestamp="01 Mar 2018 12:00:05 GMT" time="46.577" errors="0">
  <testcase name="testrun1" time="46.577" classname="com.MFPayment"/>
</testsuite> <!-- com.MFPayment -->
