<?xml version="1.0" encoding="UTF-8"?>
<!-- Generated by org.testng.reporters.JUnitReportReporter -->
<testsuite skipped="0" hostname="invanto" name="com.dbconnection" tests="1" failures="0" timestamp="05 Mar 2018 10:34:27 GMT" time="3.124" errors="0">
  <testcase name="dbcheck" time="3.124" classname="com.dbconnection"/>
</testsuite> <!-- com.dbconnection -->
